\BOOKMARK [0][]{section*.1}{Hinweise}{}% 1
\BOOKMARK [1][]{section.0.1}{0.1 Inhalt}{section*.1}% 2
\BOOKMARK [1][]{section.0.2}{0.2 Diese Vorlage benutzen \205 Schnellfassung}{section*.1}% 3
\BOOKMARK [1][]{section.0.3}{0.3 LaTeX}{section*.1}% 4
\BOOKMARK [2][]{subsection.0.3.1}{0.3.1 Elementare, aber \(meist\) nicht leicht findbare Befehle}{section.0.3}% 5
\BOOKMARK [2][]{subsection.0.3.2}{0.3.2 Referenzen}{section.0.3}% 6
\BOOKMARK [2][]{subsection.0.3.3}{0.3.3 Gleitobjekte}{section.0.3}% 7
\BOOKMARK [3][]{subsubsection.0.3.3.1}{0.3.3.1 Figures}{subsection.0.3.3}% 8
\BOOKMARK [3][]{subsubsection.0.3.3.2}{0.3.3.2 Tabellen}{subsection.0.3.3}% 9
\BOOKMARK [1][]{section.0.4}{0.4 Verfassen der Diplomarbeit}{section*.1}% 10
\BOOKMARK [1][]{section.0.5}{0.5 Verfasser dieser Vorlage und Hinweise}{section*.1}% 11
\BOOKMARK [0][]{section*.3}{ Erkl\344rung der Urheberschaft}{}% 12
\BOOKMARK [0][]{section*.5}{ Zusammenfassung}{}% 13
\BOOKMARK [0][]{section*.8}{ Inhaltsverzeichnis}{}% 14
\BOOKMARK [0][]{chapter.1}{1 Einleitung}{}% 15
\BOOKMARK [0][]{chapter.2}{2 Grundlagen und Stand der Forschung}{}% 16
\BOOKMARK [0][]{chapter.3}{3 Problem analysis}{}% 17
\BOOKMARK [1][]{section.3.1}{3.1 A website to present CODAs capabilities}{chapter.3}% 18
\BOOKMARK [1][]{section.3.2}{3.2 Facilitate change}{chapter.3}% 19
\BOOKMARK [1][]{section.3.3}{3.3 questions}{chapter.3}% 20
\BOOKMARK [1][]{section.3.4}{3.4 Summary}{chapter.3}% 21
\BOOKMARK [0][]{chapter.4}{4 Concept}{}% 22
\BOOKMARK [1][]{section.4.1}{4.1 A website to present CODAs capabilities}{chapter.4}% 23
\BOOKMARK [1][]{section.4.2}{4.2 Facilitate change}{chapter.4}% 24
\BOOKMARK [1][]{section.4.3}{4.3 Basics}{chapter.4}% 25
\BOOKMARK [2][]{subsection.4.3.1}{4.3.1 Frontend}{section.4.3}% 26
\BOOKMARK [2][]{subsection.4.3.2}{4.3.2 Backend}{section.4.3}% 27
\BOOKMARK [0][]{chapter.5}{5 Umsetzung}{}% 28
\BOOKMARK [0][]{chapter.6}{6 Evaluierung}{}% 29
\BOOKMARK [0][]{chapter.7}{7 Fazit und Ausblick}{}% 30
\BOOKMARK [0][]{section*.10}{ Literaturverzeichnis}{}% 31
\BOOKMARK [0][]{section*.12}{ Abbildungsverzeichnis}{}% 32
\BOOKMARK [0][]{section*.14}{ Tabellenverzeichnis}{}% 33
\BOOKMARK [0][]{section*.16}{ Abk\374rzungsverzeichnis}{}% 34
\BOOKMARK [0][]{section*.18}{ Anhang}{}% 35
\BOOKMARK [1][]{section*.20}{A \040Anhang: Quelltexte}{section*.18}% 36
